<?xml version="1.0" encoding="UTF-8"?>
<!-- Generated by org.testng.reporters.JUnitReportReporter -->
<testsuite hostname="gukeserl" name="com.training.testrunner.TestRunner" tests="1" failures="0" timestamp="14 Aug 2020 11:35:23 GMT" time="100.658" errors="0">
  <testcase name="feature" time="100.658" classname="com.training.testrunner.TestRunner"/>
</testsuite> <!-- com.training.testrunner.TestRunner -->
