<?xml version="1.0" encoding="UTF-8"?>
<!-- Generated by org.testng.reporters.JUnitReportReporter -->
<testsuite hostname="gukeserl" name="com.training.tests.ParameterizationDataproviderTest" tests="2" failures="0" timestamp="13 Aug 2020 01:58:10 GMT" time="0.018" errors="0">
  <testcase name="myTest" time="0.002" classname="com.training.tests.ParameterizationDataproviderTest"/>
  <testcase name="myTest" time="0.016" classname="com.training.tests.ParameterizationDataproviderTest"/>
</testsuite> <!-- com.training.tests.ParameterizationDataproviderTest -->
