<?xml version="1.0" encoding="UTF-8"?>
<!-- Generated by org.testng.reporters.JUnitReportReporter -->
<testsuite hostname="gukeserl" name="com.training.testrunner.TestRunner2" tests="1" failures="0" timestamp="13 Aug 2020 17:56:26 GMT" time="13.106" errors="0">
  <testcase name="feature" time="13.106" classname="com.training.testrunner.TestRunner2"/>
</testsuite> <!-- com.training.testrunner.TestRunner2 -->
